8087404970
4092509720
4049865920
2811873268
2472543764
2419159092
1681444912
1536003308
1484501258
1366782168
1244119722
1142456746
927107494
926874872
874146548
863416136
863119496
797805956
665990594
615997794
613731642
604283918
544218942
539691518
532470638
514847378
494087314
488680594
479111434
457192586
444278846
436538246
385510078
382779836
380941490
377422002
365181998
351558386
345482186
338045484
294211512
291666368
283423628
278512748
268843628
264220924
259196214
259124694
251911254
242913174
242476134
241773354
241228134
240688134
239797134
233518962
230253942
226424202
223414242
222156642
213011742
212876742
211517314
210397412
209011412
208925012
205559012
199868132
199400732
198395610
198179970
196873530
195795690
195190890
194865268
192480020
191930240
191829440
191486000
188444720
188346380
188151980
184222580
184076780
183952760
183774560
183005960
181150040
164966402
162072002
159828722
159375122
159283322
159111002
158236202
155549700
154010700
153996300
152160300
151289760
151239600
145257654
145020714
143479852
139012792
137813992
136384432
134645632
134270092
133967692
133325092
133060492
132219652
130147012
130003012
129373852
128846332
128231452
127974832
127824892
127698892
127626892
127608892
126225532
122394108
121764108
121451628
120174828
119922828
119616828
118626046
115953046
115836046
114947086
114882286
114781726
114765526
112693366
111382786
111300046
111265906
111139906
110148106
109565626
109304626
108269266
108143566
107411206
107141206
107132206
106736866
106272466
104728066
104431066
104305066
100339176
100151976
99990156
99914556
99293556
99128196
98739396
97573836
97322676
97284876
97212876
96989676
96825876
96347076
96131076
95742276
95645076
95601876
95544756
95166756
94990356
94979556
94907556
94727556
92021132
90068608
89967808
89895808
89725108
89500108
89374108
89302108
88972828
88541188
86424388
86349268
86336668
86001868
85787606
85580906
85293506
84177506
84112706
84004706
83544386
83292386
82561586
82465106
82384286
82341086
79619486
76837406
76639406
75271406
75260606
74939006
74894006
74872586
73405704
73247784
72567384
72480984
72254184
70266432
69587832
69559032
69372552
68888770
68765110
68748910
67166830
67062430
66884230
66844630
66801610
65821628
65354408
65307608
64920248
64216448
63964448
62783520
62243520
62207520
62081520
61880160
61469760
61212360
61061580
61030980
60994980
60922980
60437580
60426780
57258780
57224580
57195840
57138240
57086100
56996220
56960220
56133420
56108220
56029020
56025420
54903660
54898260
54758640
54737040
54369840
54319440
54265440
54211560
53963160
53948760
53775960
53631960
53405700
53362980
53141580
52898580
52882440
52774440
52754700
52603500
52279500
52139100
52101300
51734820
51702420
51666420
51504420
51163020
50624820
50576220
50349420
50236560
50148360
50115960
50106960
49410900
48376020
48354420
48181620
48167220
48007676
47989676
47975276
47942876
47875734
47832714
47823714
47802114
47662494
47581794
47511594
47489994
47414394
47297694
47290554
47251014
46576014
46527414
46451814
46405134
46367334
46340334
46103394
45779394
44828994
44549994
44546394
44395194
44357394
44341194
43730394
43537074
43522674
43396974
43375374
43267554
43235154
43163154
43087554
42056034
42054234
41856234
41829234
41196294
41180094
41099634
41070834
40767414
40713414
40686414
40528014
40510014
40484934
40409694
40350294
40346694
40335894
40334094
40247694
40233294
40190094
40010094
40006494
39990294
39932694
39749094
39743694
39549294
39452454
39391254
39367854
39360654
39353454
39328254
39274254
39263514
38610114
38599314
38581434
38577834
38553054
38545854
38538654
38295654
38288454
38099454
38010054
37994034
37893234
37839234
37740234
37718634
37529634
37428834
37374834
37073154
37029954
36987352
36922552
36836152
36834352
36798472
36565072
36557872
36507472
35854730
35735930
35654930
35644130
35608130
35604530
35425130
35381930
35302730
35259530
35140910
35135690
35132090
35096150
35060150
34970150
34959350
34934270
34901870
34839170
34633550
34595750
34584950
34581350
34563410
34500410
34457210
34453610
34439210
34421210
34406810
34396010
34363610
34277210
34201610
34148210
34085210
34078010
34045610
33764810
33640610
33608750
33597950
33533150
32953908
32899908
32889228
32795628
32724108
32686308
32434728
32418588
32404248
32368248
32296248
32152248
31824648
31744188
31726188
31679388
31670388
31492188
31362828
31211988
31204788
31188588
31174308
31163508
30732468
30721668
30683868
30651468
30647868
30604908
30601308
30525708
30396348
30369348
30207348
30201948
30155148
30149748
30106548
30002148
29996748
29872548
29816808
29762808
29384808
29350608
29343408
29325408
29314608
29298408
29293188
29280588
29136588
29134788
29098788
29050188
28999788
28978188
28924188
28902708
28884708
28868508
28857708
28527888
28495488
28461288
28364088
28349748
28340748
28322748
28164348
28148328
28072728
28047528
27968328
27966528
27888226
27769426
27742606
27699406
27629206
27483946
27473146
27451546
27437146
27293626
27286486
26999862
26942262
26909862
26866662
26834262
26785662
26780262
26593062
26557062
26513862
26481462
26470662
26420262
26398662
26197062
26103462
26101662
26063862
26060262
26024262
25894662
25880262
25851462
25662462
25653522
25590522
25542102
25531302
25437942
25383942
25320942
25250922
25175682
25173882
25170282
25148682
25105482
25083882
25082082
25055262
25053462
25035462
25028262
24985302
24974502
24965502
24961902
24934902
24891702
24875502
24846702
24817902
24736902
24556902
24394902
24363040
24309040
24305440
24240640
24098792
24069992
24057392
24024992
23978192
23970992
23938592
23924192
23859512
23846912
23832512
23805512
23800112
23792912
23746112
23737112
23579372
23577572
23570372
23563172
23541752
23425052
23408912
23291912
23241512
23219912
23133512
23097812
22998812
22962812
22955612
22952012
22941212
22923212
22869392
22826312
22783112
22772492
22704092
22700492
22657292
22599692
22567292
22547492
22536692
22472012
22468412
22428872
22353272
22347872
22340912
22308512
22292372
22119812
22056812
22002812
21959612
21880412
21869612
21858812
21848430
21832230
21830430
21823230
21819630
21769230
21563908
21542368
21535288
21318148
21316348
21289348
21251548
21117448
21104848
21061648
20606248
20595448
20590048
20374528
20360128
20340328
20329528
20275528
20266528
20216128
20210728
20198548
20187748
20112508
20108908
20081908
20049688
20040688
20026288
20008288
20002888
19959928
19927708
19922308
19888168
19830568
19808968
19769368
19764028
19728028
19684828
19663228
19659628
19654228
19632628
19600228
19585828
19575028
19517668
19514068
19499668
19478068
19467328
19460128
19458328
19449328
19427788
19418788
19404388
19398988
19355788
19317988
19299988
19296388
19272988
19262308
19256908
19213708
19211908
19206508
19193908
19183108
19161508
19152508
19037308
19012108
18995908
18958108
18950908
18929308
18905968
18886228
18839428
18830428
18805228
18798028
18646828
18628828
18607228
18596548
18591148
18573148
18564148
18276146
18254546
18250946
18229346
18225746
18184406
18045806
18042206
18040406
18033206
17979206
17839166
17837366
17828366
17591486
17570066
17564666
17555666
17537666
17535866
17525066
17508866
17492666
17476466
17460266
17352266
17314466
17312666
17199266
17186726
17183126
17177726
17174126
17163326
17157926
17143526
17121926
17104046
17028806
17019806
17016266
17010866
16996466
16992866
16991066
16973066
16951466
16924466
16867346
16838546
16836746
16786346
16743146
16710746
16708946
16698206
16682006
16667606
16559606
16505606
16502066
16475066
16473266
16462466
16451786
16439186
16430186
16419566
16414166
16398086
16355366
16348166
16321346
16296146
16285346
16281746
16278146
16274546
16231346
16229546
16220606
16213406
16202606
16195406
16173986
16152386
16134446
16130846
16095326
16091726
16052126
16043126
16039526
16018166
15996566
15992966
15978566
15976766
15955166
15911966
15897686
15886886
15883286
15879686
15870686
15850886
15834746
15831146
15804146
15800546
15768146
15760946
15744746
15737546
15730466
15719726
15703526
15692726
15683786
15676586
15662246
15651446
15649646
15646046
15638846
15617246
15606446
15592046
15586646
15547046
15539846
15538046
15359846
15356246
15320246
15313106
15111506
15109706
15098906
15080906
15079106
15068306
15061106
15010706
15007106
14992706
14990906
14987306
14985506
14974706
14953166
14809766
14795366
14752166
14743166
14699966
14696366
14671586
14655566
14648366
14639366
14632406
14517206
14511806
14510006
14502806
14499206
14497406
14493806
14490206
14486606
14477666
14468666
14452466
14420066
14405666
14398466
14393126
14385926
14378726
14342846
14333846
14326646
14323046
14315846
14312246
14305046
14301506
14292506
14288906
14276306
14254706
14240546
14195846
14059286
14039486
14035886
14034086
14016086
14012486
13990886
13954886
13938866
13937066
13933466
13911866
13884866
13852466
13848866
13841666
13832666
13829066
13802066
13800266
13778666
13773266
13767866
13766066
13744466
13731866
13724666
13703066
13688666
13686866
13668866
13663526
13656624
13638624
13617024
13530624
13525224
13523424
13485624
13480224
13465824
13451424
13390344
13383384
13377984
13367304
13340604
13338864
13331664
13320864
13313664
13277664
13245264
13241664
13225464
13223664
13216464
13214664
13160784
13142784
13113984
13085662
13082062
13071262
13069462
13047862
13042462
13040662
13019062
13008382
12997582
12968782
12959782
12957982
12950782
12918382
12885982
12849982
12848182
12846382
12835582
12831982
12828382
12812182
12804982
12790582
12786982
12776182
12759982
12749182
12716782
12714982
12693382
12648382
12646582
12635782
12633982
12632182
12624982
12621382
12617782
12612382
12590782
12587182
12583582
12529582
12518782
12511582
12504382
12502582
12497182
12482782
12477382
12475582
12471982
12439582
12310462
12288862
12283522
12262282
12224482
12206482
12125482
12114682
12104062
12089662
12068062
12066322
12042922
12014122
12006922
11997922
11981722
11976322
11972722
11965522
11951122
11949322
11922322
11920522
11916922
11911522
11893522
11866522
11857522
11853922
11846782
11841442
11796742
11789542
11776942
11769862
11768062
11766262
11751862
11694262
11672662
11658262
11652862
11642062
11624062
11620462
11618662
11607862
11579302
11572102
11482402
11460802
11446402
11424802
11421202
11415862
11412262
11410462
11403262
11401462
11374462
11345662
11327662
11309662
11300662
11235862
11228662
11225062
11198062
11196262
11192662
11154862
11144062
11140462
11138662
11135062
11133262
11126062
11118862
11115262
11113462
11081422
11079622
11065342
11049142
11045542
11041942
11014942
11013142
11007742
10998742
10960942
10957342
10955542
10933942
10926742
10919542
10912342
10910542
10903342
10888942
10887142
10879942
10878142
10860142
10845742
10838542
10833202
10831402
10827802
10817002
10815202
10804402
10793602
10791802
10784602
10775602
10768402
10714762
10709362
10702162
10664362
10660762
10651762
10646362
10628482
10624882
10621282
10617682
10610482
10605082
10592482
10585282
10576282
10574482
10569082
10565482
10563682
10556602
10520602
10509802
10506202
10502602
10495402
10490002
10479202
10443202
10427002
10419802
10412602
10409002
10407202
10392802
10385602
10378402
10367602
10360402
10356862
10349662
10331662
10284982
10281382
10265362
10261762
10254562
10249162
10247362
10229362
10178962
10171762
10169962
10166362
10121362
10117762
10114162
10105162
10099762
10088962
10078282
10073062
10060462
10051462
10044262
10040662
10038862
10022662
10001122
9999322
9995722
9984922
9983122
9981322
9974122
9968722
9965182
9963382
9945382
9941782
9939982
9938182
9927382
9905782
9903982
9900382
9894982
9893182
9889582
9885982
9884182
9869782
9866182
9860782
9853582
9851782
9848182
9841042
9837442
9826642
9819442
9817642
9815842
9810442
9801442
9794242
9779842
9776242
9774442
9769042
9715042
9704242
9698842
9691642
9675442
9671842
9664642
9661042
9639442
9628642
9625042
9621562
9619762
9616162
9610762
9603682
9594682
9592882
9582082
9567682
9529882
9524482
9497482
9493882
9481282
9475882
9470482
9454282
9450682
9434482
9427282
9423802
9422002
9411202
9409402
9391402
9387802
9384202
9380602
9373402
9369802
9366202
9362602
9355402
9341002
9339202
9332002
9328402
9319402
9308602
9305002
9299662
9296062
9267262
9252862
9247462
9242062
9234862
9186442
9184642
9182842
9172042
9146842
9145042
9109042
9105442
9098242
9094642
9087442
9078442
9067762
9062362
9051562
9046162
9044362
9042562
9038962
9028162
9024562
9019162
8974162
8959762
8948962
8939962
8929342
8920342
8918542
8914942
8909542
8905942
8891542
8886142
8871742
8850142
8846542
8839342
8828542
8824942
8821342
8814142
8796202
8790802
8787202
8772802
8767402
8756602
8693602
8688202
8684602
8677522
8672122
8661442
8657842
8654242
8650702
8645302
8639902
8638102
8616502
8605702
8584102
8582302
8578702
8573302
8569702
8566102
8562502
8558902
8551702
8544502
8522902
8519302
8515702
8513962
8508562
8499562
8494162
8490562
8488762
8453002
8449402
8442202
8440402
8438602
8433202
8426002
8424202
8422402
8418802
8408002
8399062
8393662
8386462
8382862
8310862
8307262
8303662
8292862
8291062
8289262
8283862
8274862
8271262
8267662
8251522
8247982
8244382
8242582
8237182
8235442
8231842
8230102
8226562
8224762
8217562
8204962
8199562
8197762
8149162
8141962
8134762
8123962
8116762
8109562
8102362
8098822
8077222
8075422
8071822
8066422
8052022
8048422
8039482
8035882
8025082
8021482
8019682
8016082
8010682
8007082
7999882
7996282
7992682
7985482
7983682
7969282
7956682
7954882
7951282
7949482
7944082
7942282
7935082
7924282
7920802
7917202
7913602
7906402
7902802
7899322
7895722
7893922
7886722
7877722
7866922
7859722
7856122
7850722
7848922
7839922
7838122
7836322
7829122
7811122
7807522
7798522
7777102
7768162
7757660
7755860
7754060
7752260
7741460
7737860
7736060
7734260
7727060
7725260
7721660
7710860
7705520
7669520
7665920
7651520
7624520
7611920
7610120
7604720
7572320
7568720
7565120
7561520
7554320
7547120
7541720
7534520
7529120
7525520
7521920
7520180
7509380
7507580
7502180
7484180
7452140
7450340
7443140
7439540
7435940
7434140
7423340
7419740
7410740
7407140
7405340
7398140
7387340
7383740
7372940
7371140
7367540
7363940
7358540
7331540
7327940
7311800
7306400
7304600
7299200
7295600
7292000
7290200
7288400
7286600
7284800
7281200
7277600
7266800
7256000
7252520
7247120
7243520
7230920
7221920
7214720
7212920
7207520
7196720
7193120
7182320
7180520
7176920
7169720
7164500
7159100
7155500
7144700
7142900
7139300
7135760
7124960
7123160
7121360
7119560
7112360
7105400
7098200
7089200
7087400
7082000
7080200
7078460
7076660
7073060
7069520
7067780
7064180
7055180
7047980
7037180
7035380
7013780
7010180
7004780
7001180
6995780
6992180
6990380
6983240
6981440
6979640
6974240
6970700
6968900
6967100
6963500
6958100
6956300
6945500
6934700
6931100
6929300
6925700
6914900
6913100
6909500
6905900
6895100
6891500
6880700
6866300
6862700
6855500
6844700
6833900
6830300
6826700
6824900
6823100
6821300
6817700
6810500
6801500
6799700
6788900
6778100
6774500
6767300
6751100
6749300
6747500
6745700
6743900
6742100
6740300
6736700
6733100
6731300
6729560
6724160
6716960
6713360
6709760
6706160
6704360
6702560
6700760
6698960
6695360
6689960
6654200
6650600
6647000
6639800
6638000
6632600
6629000
6627200
6625400
6607400
6602000
6600200
6594800
6593000
6591200
6580400
6576800
6573200
6569720
6564320
6560720
6553580
6549980
6540980
6533780
6498080
6490880
6489080
6481880
6478280
6472880
6471080
6460280
6456680
6454880
6453080
6445880
6442280
6435080
6431480
6427880
6426080
6422480
6418880
6411680
6400880
6397340
6391940
6384740
6370340
6368540
6364940
6363140
6359540
6357740
6350540
6348740
6345260
6334640
6332840
6331040
6323840
6320240
6316640
6313100
6309500
6307700
6304100
6300500
6298700
6296900
6293300
6286100
6280700
6278900
6271700
6269900
6262700
6251900
6250100
6242900
6241100
6239300
6235700
6228500
6224900
6223100
6219500
6214100
6208700
6197900
6196100
6194300
6192500
6190700
6187100
6179900
6176300
6170900
6160100
6156500
6151100
6147500
6143900
6138500
6120500
6113300
6107900
6091700
6088100
6082760
6081020
6077420
6073820
6072020
6070220
6064820
6057620
6054020
6046820
6045020
6039620
6036020
6034220
6028820
6010820
6009020
6005420
6000020
5989220
5982020
5980220
5976620
5973020
5971220
5969420
5967620
5962220
5960420
5956820
5955020
5951420
5949620
5947880
5946080
5942480
5940680
5935280
5933480
5928140
5924600
5921000
5919200
5917400
5915600
5913800
5912000
5910200
5908400
5906600
5903000
5901200
5897600
5890400
5888600
5886800
5879660
5872460
5865260
5856260
5854520
5851040
5845640
5842100
5840300
5838500
5836700
5834900
5833160
5829560
5822360
5820560
5818760
5816960
5813360
5809760
5806160
5800760
5797160
5795360
5793560
5775560
5771960
5770160
5768360
5766560
5761160
5759360
5748560
5746760
5743160
5741360
5737760
5735960
5732360
5723360
5719760
5718020
5716280
5709080
5707280
5703680
5696480
5694680
5691080
5685680
5683880
5680400
5678600
5675000
5673200
5667800
5666000
5662400
5658920
5648120
5646320
5639120
5633720
5626520
5622920
5615720
5610320
5608520
5606720
5603120
5601320
5597720
5594120
5592320
5588780
5585180
5583380
5576180
5572580
5567180
5561780
5518580
5511380
5507900
5506100
5502500
5497100
5495300
5489900
5486300
5479100
5471900
5470100
5468300
5464700
5461100
5453900
5452100
5448500
5437700
5434100
5428700
5423300
5416100
5408960
5401760
5398160
5394560
5392760
5387360
5385560
5383760
5381960
5378480
5374880
5369480
5365880
5364080
5358680
5353280
5349680
5347880
5346080
5331680
5328080
5324480
5322680
5319080
5292080
5288480
5277680
5272280
5270480
5268680
5266880
5259680
5254280
5252480
5247080
5245280
5243480
5225480
5221880
5211080
5207480
5203880
5200280
5193080
5191280
5187680
5185880
5184080
5180480
5178680
5176880
5175080
5173280
5169680
5166080
5149880
5148080
5144480
5139140
5135540
5131940
5128340
5126540
5124740
5122940
5117540
5115740
5112140
5110340
5103140
5101340
5097740
5094140
5090540
5088740
5086940
5079740
5077940
5074340
5072540
5070740
5067140
5065340
5054540
5032940
5031140
5029340
5025740
5022140
5020340
5018540
5016800
5015000
5009600
5006000
4995200
4991600
4989800
4988000
4986200
4982600
4979000
4975400
4971800
4970000
4962800
4961000
4955600
4952000
4950200
4944800
4943000
4941200
4939400
4937600
4935800
4934000
4930400
4928600
4917800
4916000
4912400
4908800
4907000
4905200
4903400
4899860
4898060
4894460
4892720
4889120
4887320
4881920
4880120
4878320
4876520
4874720
4872920
4871120
4867520
4865720
4862120
4860320
4854980
4851380
4847780
4845980
4844180
4833380
4827980
4826180
4824380
4820780
4817180
4815380
4811780
4808180
4806380
4804580
4802780
4800980
4799180
4795580
4793780
4791980
4790180
4788380
4786580
4784780
4766780
4763180
4759580
4757780
4755980
4752380
4746980
4741580
4734380
4730780
4727240
4725440
4723640
4720040
4716440
4714640
4712840
4711040
4703840
4702040
4700240
4696640
4694840
4693040
4689440
4685840
4684040
4682240
4680440
4676840
4675040
4671440
4669640
4667900
4660700
4657100
4649900
4646300
4642700
4639100
4635500
4631900
4626500
4624700
4621100
4619300
4617500
4613900
4603100
4601360
4597760
4590560
4588760
4586960
4585220
4579820
4578020
4576220
4574420
4570820
4563620
4561820
4560020
4556420
4552820
4551020
4549220
4547420
4545620
4542020
4540220
4538480
4534880
4533080
4531280
4529480
4527680
4524080
4520480
4518680
4507880
4506080
4502480
4500680
4498880
4497080
4489880
4488080
4480880
4479080
4477280
4466480
4464680
4462880
4461080
4459280
4457480
4455680
4452080
4450280
4448480
4446680
4444880
4443080
4441280
4439480
4434080
4432280
4430480
4428680
4426880
4425080
4421480
4419680
4416080
4414280
4410680
4408880
4407080
4405280
4403480
4401680
4399880
4398080
4396280
4394480
4392680
4390880
4389080
4387280
4385480
4383680
4381880
4380080
4378280
4372880
4371080
4369280
4367480
4363880
4360280
4353080
4351340
4347740
4345940
4342400
4340600
4333400
4329800
4328000
4326200
4324400
4322600
4319000
4317200
4315400
4311920
4308320
4306520
4304720
4302920
4301120
4299320
4297520
4293920
4292120
4290320
4286720
4284920
4283120
4268720
4266920
4265120
4263320
4261520
4259720
4256120
4254380
4252580
4248980
4245380
4241780
4239980
4236380
4234640
4232840
4231040
4227440
4220240
4218440
4216640
4213040
4211240
4205840
4204040
4202240
4200440
4198640
4195040
4193240
4189640
4187840
4184240
4182440
4178840
4169840
4166240
4159160
4157360
4155560
4151960
4150160
4148360
4146560
4141220
4137620
4135820
4134020
4132220
4130420
4126820
4121420
4117820
4116020
4114220
4110620
4108820
4107020
4105220
4103420
4092620
4090820
4089020
4085420
4083620
4081820
4080020
4078220
4074620
4072820
4069220
4067420
4063820
4060220
4056620
4054820
4053020
4049420
4047620
4045820
4044020
4040420
4036820
4035020
4033220
4031420
4029620
4026020
4022420
4020620
4018820
4017020
4015220
4013420
4011680
4008080
4000880
3997280
3995480
3991880
3988280
3984680
3982880
3981080
3979280
3977480
3975680
3972080
3970280
3968540
3966740
3963140
3957740
3954200
3952400
3950600
3948800
3947000
3945200
3943400
3941600
3934520
3930920
3929120
3927320
3925520
3923720
3918320
3916520
3912920
3911120
3909320
3905780
3903980
3902180
3900380
3898580
3894980
3893180
3889580
3885980
3882380
3875180
3862580
3860780
3858980
3857180
3855380
3853580
3851780
3849980
3848180
3844580
3840980
3839180
3837380
3833780
3830180
3828380
3824780
3822980
3804980
3803180
3801380
3799580
3797780
3795980
3794240
3792440
3790640
3788840
3787040
3783440
3779840
3774440
3772640
3770840
3769040
3761840
3760040
3758240
3756440
3754640
3752840
3751040
3747440
3745640
3742040
3738500
3734900
3733100
3731300
3729500
3727700
3725900
3718700
3716900
3715100
3711500
3709700
3707900
3706100
3702500
3700700
3698900
3697100
3695300
3693500
3691700
3689900
3684500
3680900
3679100
3677300
3673700
3671900
3670100
3663020
3661220
3659420
3655820
3654020
3652220
3645020
3643220
3639620
3637820
3636020
3632540
3628940
3627140
3625340
3623540
3621800
3620000
3616400
3612800
3611000
3609200
3605600
3603800
3602000
3600200
3598400
3593000
3591260
3589460
3587660
3585860
3584060
3582260
3580460
3578660
3576860
3575060
3573320
3571520
3567920
3564320
3562520
3560720
3558920
3557120
3553520
3551720
3549920
3548120
3546320
3542720
3540920
3537320
3535520
3533720
3531920
3526580
3522980
3521180
3519380
3517580
3515780
3513980
3512180
3510380
3508580
3506780
3504980
3503180
3497780
3494180
3490580
3488780
3486980
3485180
3483380
3479780
3477980
3476180
3474380
3472580
3468980
3467180
3465380
3463580
3461780
3459980
3458180
3456440
3454640
3452840
3451040
3449240
3445640
3440240
3438440
3436640
3431240
3429440
3425840
3424040
3422240
3420440
3418640
3416840
3406040
3400640
3398840
3395240
3393440
3391640
3388040
3386240
3382640
3380840
3379040
3377240
3370040
3366440
3361040
3359240
3357440
3355640
3353840
3352040
3348440
3346640
3344840
3339440
3335840
3334040
3332240
3330440
3328700
3326900
3325100
3323300
3321500
3319700
3317900
3316160
3312560
3310760
3308960
3307160
3305360
3301760
3299960
3298220
3296420
3294680
3292880
3291080
3289280
3287480
3285680
3283880
3282080
3280280
3278480
3276680
3274880
3273080
3271280
3265880
3262280
3258680
3256880
3255080
3253280
3251480
3249680
3247880
3246080
3244280
3242480
3240680
3238880
3235280
3233480
3231680
3229880
3226280
3224480
3222680
3220880
3219080
3217280
3215480
3213680
3211880
3210080
3208280
3206480
3204680
3202880
3201080
3199280
3195680
3193880
3192140
3190340
3188540
3186740
3184940
3183140
3181340
3179540
3177740
3175940
3174140
3172340
3168740
3166940
3165140
3163340
3161540
3157940
3156140
3154340
3152540
3150740
3148940
3147140
3143540
3141740
3139940
3138140
3134540
3130940
3129140
3127340
3125540
3123740
3121940
3120140
3118340
3116540
3114740
3112940
3111140
3109340
3107540
3105740
3103940
3102140
3100340
3098540
3096740
3094940
3093140
3091340
3089540
3087740
3085940
3084140
3082340
3080540
3078740
3076940
3075140
3073340
3071540
3069740
3066140
3064340
3062540
3060740
3058940
3057140
3055340
3053540
3051740
3049940
3048140
3044600
3041000
3039200
3037400
3035600
3033800
3032000
3030200
3026600
3024800
3023000
3019400
3015800
3014000
3012200
3010400
3008600
3006800
3005000
3003200
3001400
2999600
2997800
2996000
2994200
2992400
2990600
2988860
2987060
2985260
2983460
2981660
2978060
2976260
2974460
2972660
2970860
2969060
2967260
2965460
2963660
2961860
2960060
2958260
2956460
2954660
2951060
2949260
2947460
2945660
2943860
2942060
2940260
2938460
2936660
2934860
2931260
2929520
2927720
2925920
2924120
2922320
2920520
2918720
2916920
2915120
2913320
2911520
2909720
2907920
2906120
2904320
2902520
2900720
2898920
2897120
2895320
2893580
2891780
2889980
2888240
2886440
2884640
2882840
2881040
2879240
2877440
2875640
2873840
2872040
2870240
2868440
2866640
2864840
2863040
2861240
2859440
2857640
2855840
2854040
2852300
2850500
2848700
2846900
2845100
2843300
2841500
2839700
2837900
2836100
2832500
2830700
2828900
2827100
2825300
2823500
2821700
2819900
2818160
2816360
2814560
2812760
2810960
2809160
2807360
2805560
2803760
2801960
2800160
2798360
2796560
2794820
2793020
2791220
2789420
2787620
2785820
2784020
2782220
2780420
2778620
2776820
2775020
2773220
2771420
2769620
2767820
2766020
2764220
2762420
2760620
2758880
2757080
2755280
2753480
2751680
2749880
2748080
2746280
2744480
2742680
2740880
2739080
2737280
2735480
2731880
2730080
2728280
2726480
2724680
2722880
2721080
2719340
2717540
2715740
2713940
2712140
2710340
2708540
2706740
2704940
2703140
2701340
2699540
2697740
2695940
